<?xml version="1.0" encoding="UTF-8"?>
<beans xmlns="http://www.springframework.org/schema/beans"
       xmlns:xsi="http://www.w3.org/2001/XMLSchema-instance"
       xmlns:aop="http://www.springframework.org/schema/aop"
       xmlns:tx="http://www.springframework.org/schema/tx"
       xmlns:context="http://www.springframework.org/schema/context"
       xmlns:jdbc="http://www.springframework.org/schema/jdbc"
       xsi:schemaLocation="http://www.springframework.org/schema/beans
						http://www.springframework.org/schema/beans/spring-beans-3.0.xsd
						http://www.springframework.org/schema/aop
						http://www.springframework.org/schema/aop/spring-aop-3.0.xsd
						http://www.springframework.org/schema/context
						http://www.springframework.org/schema/context/spring-context-3.0.xsd
						http://www.springframework.org/schema/tx
						http://www.springframework.org/schema/tx/spring-tx-3.0.xsd
						http://www.springframework.org/schema/jdbc
						http://www.springframework.org/schema/jdbc/spring-jdbc-3.0.xsd ">


    <tx:annotation-driven />
    <context:annotation-config />
    <bean id="dataSource" class="org.springframework.jdbc.datasource.SimpleDriverDataSource">
        <property name="driverClass" value="com.mysql.cj.jdbc.Driver"/>
        <property name="url"
                  value="jdbc:mysql://localhost/testdb?useUnicode=true&amp;useJDBCCompliantTimezoneShift=true&amp;useLegacyDatetimeCode=false&amp;serverTimezone=UTC"/>
        <property name="username" value="root"/>
        <property name="password" value="admin"/>
    </bean>
    <bean class="org.springframework.aop.framework.autoproxy.DefaultAdvisorAutoProxyCreator" />
    <bean id="userService" class="com.newbie.Spring_Newbie.User.service.UserServiceImpl">
        <property name="userDao" ref="userDao" />
        <property name="mailSender" ref="mailSender" />
    </bean>
    <bean id="testUserService" class="com.newbie.Spring_Newbie.User.dao.UserServiceTest$TestUserService"
          parent="userService" />
    <bean id="mailSender" class="com.newbie.Spring_Newbie.User.service.DummyMailSender"/>
    <bean id="transactionManager" class="org.springframework.jdbc.datasource.DataSourceTransactionManager">
        <property name="dataSource" ref="dataSource" />
    </bean>
    <bean id="userDao" class="com.newbie.Spring_Newbie.User.dao.UserDaoJdbc">
        <property name="dataSource" ref="dataSource"/>
        <property name="sqlService" ref="sqlService" />
    </bean>
    <bean id="sqlService" class="com.newbie.Spring_Newbie.User.sqlService.OxmSqlService">
        <property name="unmarshaller" ref="unmarshaller" />
        <property name="sqlmap" value="classpath:com/newbie/Spring_Newbie/User/dao/sqlmap.xml"/>
        <property name="sqlRegistry" ref="sqlRegistry"/>
    </bean>
    <bean id="sqlRegistry" class="com.newbie.Spring_Newbie.User.sqlService.EmbeddedDbSqlRegistry">
        <property name="dataSource" ref="embeddedDatabase"/>
    </bean>
    <bean id="unmarshaller" class="org.springframework.oxm.jaxb.Jaxb2Marshaller">
        <property name="contextPath" value="com.newbie.Spring_Newbie.User.sqlService.jaxb"/>
    </bean>
    <bean id="message" class="com.newbie.Spring_Newbie.User.Test.MessageFactoryBean">
        <property name="text" value="Factory Bean" />
    </bean>
    <jdbc:embedded-database id="embeddedDatabase" type="HSQL">
        <jdbc:script location="classpath:com/newbie/Spring_Newbie/User/sqlService/sqlRegistrySchema.sql"/>
    </jdbc:embedded-database>
    <tx:advice id="transactionAdvice">
        <tx:attributes>
            <tx:method name="get*" read-only="true" />
            <tx:method name="*" />
        </tx:attributes>
    </tx:advice>
    <aop:config>
        <aop:advisor advice-ref="transactionAdvice" pointcut="bean(*Service)" />
    </aop:config>
</beans>

