<?xml version="1.0" encoding="UTF-8"?>
<beans xmlns="http://www.springframework.org/schema/beans"
       xmlns:xsi="http://www.w3.org/2001/XMLSchema-instance"
       xsi:schemaLocation="http://www.springframework.org/schema/beans
						http://www.springframework.org/schema/beans/spring-beans-3.0.xsd">

    <bean id="userService" class="com.newbie.Spring_Newbie.User.service.UserServiceTx">
        <property name="transactionManager" ref="transactionManager" />
        <property name="userService" ref="userServiceImpl" />
    </bean>
    <bean id="userServiceImpl" class="com.newbie.Spring_Newbie.User.service.UserServiceImpl">
        <property name="userDao" ref="userDao"/>
        <property name="mailSender" ref="mailSender" />
    </bean>
    <bean id="mailSender" class="com.newbie.Spring_Newbie.User.service.DummyMailSender"/>
    <bean id="transactionManager"
          class="org.springframework.jdbc.datasource.DataSourceTransactionManager">
        <property name="dataSource" ref="dataSource" />
    </bean>
    <bean id="userDao" class="com.newbie.Spring_Newbie.User.dao.UserDaoJdbc">
        <property name="dataSource" ref="dataSource"/>
        <!--<property name="jdbcContext" ref="jdbcContext"/>-->
    </bean>
    <!--<bean id="jdbcContext" class="com.newbie.Spring_Newbie.User.dao.JdbcContext">
        <property name="dataSource" ref="dataSource" />
    </bean>-->
    <bean id="dataSource" class="org.springframework.jdbc.datasource.SimpleDriverDataSource">
        <property name="driverClass" value="com.mysql.cj.jdbc.Driver"/>
        <property name="url"
                  value="jdbc:mysql://localhost/testdb?useUnicode=true&amp;useJDBCCompliantTimezoneShift=true&amp;useLegacyDatetimeCode=false&amp;serverTimezone=UTC"/>
        <property name="username" value="root"/>
        <property name="password" value="admin"/>
    </bean>
</beans>

